2026-06-12T09:01:36.551+07:00  INFO 7436 --- [IT211-Project] [restartedMain] c.r.i.It211ProjectApplication            : Starting It211ProjectApplication using Java 17.0.12 with PID 7436 (E:\IT211\IT211-Project\build\classes\java\main started by Thang Loi in E:\IT211\IT211-Project)
2026-06-12T09:01:36.562+07:00  INFO 7436 --- [IT211-Project] [restartedMain] c.r.i.It211ProjectApplication            : No active profile set, falling back to 1 default profile: "default"
2026-06-12T09:01:36.666+07:00  INFO 7436 --- [IT211-Project] [restartedMain] .e.DevToolsPropertyDefaultsPostProcessor : Devtools property defaults active! Set 'spring.devtools.add-properties' to 'false' to disable
2026-06-12T09:01:36.667+07:00  INFO 7436 --- [IT211-Project] [restartedMain] .e.DevToolsPropertyDefaultsPostProcessor : For additional web related logging consider setting the 'logging.level.web' property to 'DEBUG'
2026-06-12T09:01:38.245+07:00  INFO 7436 --- [IT211-Project] [restartedMain] .s.d.r.c.RepositoryConfigurationDelegate : Multiple Spring Data modules found, entering strict repository configuration mode
2026-06-12T09:01:38.248+07:00  INFO 7436 --- [IT211-Project] [restartedMain] .s.d.r.c.RepositoryConfigurationDelegate : Bootstrapping Spring Data JPA repositories in DEFAULT mode.
2026-06-12T09:01:38.641+07:00  INFO 7436 --- [IT211-Project] [restartedMain] .s.d.r.c.RepositoryConfigurationDelegate : Finished Spring Data repository scanning in 375 ms. Found 7 JPA repository interfaces.
2026-06-12T09:01:38.751+07:00  INFO 7436 --- [IT211-Project] [restartedMain] .s.d.r.c.RepositoryConfigurationDelegate : Multiple Spring Data modules found, entering strict repository configuration mode
2026-06-12T09:01:38.754+07:00  INFO 7436 --- [IT211-Project] [restartedMain] .s.d.r.c.RepositoryConfigurationDelegate : Bootstrapping Spring Data Redis repositories in DEFAULT mode.
2026-06-12T09:01:38.794+07:00  INFO 7436 --- [IT211-Project] [restartedMain] .RepositoryConfigurationExtensionSupport : Spring Data Redis - Could not safely identify store assignment for repository candidate interface com.re.it211project.repository.CompanyRepository; If you want this repository to be a Redis repository, consider annotating your entities with one of these annotations: org.springframework.data.redis.core.RedisHash (preferred), or consider extending one of the following types with your repository: org.springframework.data.keyvalue.repository.KeyValueRepository
2026-06-12T09:01:38.796+07:00  INFO 7436 --- [IT211-Project] [restartedMain] .RepositoryConfigurationExtensionSupport : Spring Data Redis - Could not safely identify store assignment for repository candidate interface com.re.it211project.repository.JobApplicationRepository; If you want this repository to be a Redis repository, consider annotating your entities with one of these annotations: org.springframework.data.redis.core.RedisHash (preferred), or consider extending one of the following types with your repository: org.springframework.data.keyvalue.repository.KeyValueRepository
2026-06-12T09:01:38.797+07:00  INFO 7436 --- [IT211-Project] [restartedMain] .RepositoryConfigurationExtensionSupport : Spring Data Redis - Could not safely identify store assignment for repository candidate interface com.re.it211project.repository.JobRepository; If you want this repository to be a Redis repository, consider annotating your entities with one of these annotations: org.springframework.data.redis.core.RedisHash (preferred), or consider extending one of the following types with your repository: org.springframework.data.keyvalue.repository.KeyValueRepository
2026-06-12T09:01:38.797+07:00  INFO 7436 --- [IT211-Project] [restartedMain] .RepositoryConfigurationExtensionSupport : Spring Data Redis - Could not safely identify store assignment for repository candidate interface com.re.it211project.repository.PasswordResetTokenRepository; If you want this repository to be a Redis repository, consider annotating your entities with one of these annotations: org.springframework.data.redis.core.RedisHash (preferred), or consider extending one of the following types with your repository: org.springframework.data.keyvalue.repository.KeyValueRepository
2026-06-12T09:01:38.798+07:00  INFO 7436 --- [IT211-Project] [restartedMain] .RepositoryConfigurationExtensionSupport : Spring Data Redis - Could not safely identify store assignment for repository candidate interface com.re.it211project.repository.RefreshTokenRepository; If you want this repository to be a Redis repository, consider annotating your entities with one of these annotations: org.springframework.data.redis.core.RedisHash (preferred), or consider extending one of the following types with your repository: org.springframework.data.keyvalue.repository.KeyValueRepository
2026-06-12T09:01:38.798+07:00  INFO 7436 --- [IT211-Project] [restartedMain] .RepositoryConfigurationExtensionSupport : Spring Data Redis - Could not safely identify store assignment for repository candidate interface com.re.it211project.repository.RoleRepository; If you want this repository to be a Redis repository, consider annotating your entities with one of these annotations: org.springframework.data.redis.core.RedisHash (preferred), or consider extending one of the following types with your repository: org.springframework.data.keyvalue.repository.KeyValueRepository
2026-06-12T09:01:38.799+07:00  INFO 7436 --- [IT211-Project] [restartedMain] .RepositoryConfigurationExtensionSupport : Spring Data Redis - Could not safely identify store assignment for repository candidate interface com.re.it211project.repository.UserRepository; If you want this repository to be a Redis repository, consider annotating your entities with one of these annotations: org.springframework.data.redis.core.RedisHash (preferred), or consider extending one of the following types with your repository: org.springframework.data.keyvalue.repository.KeyValueRepository
2026-06-12T09:01:38.799+07:00  INFO 7436 --- [IT211-Project] [restartedMain] .s.d.r.c.RepositoryConfigurationDelegate : Finished Spring Data repository scanning in 18 ms. Found 0 Redis repository interfaces.
2026-06-12T09:01:40.498+07:00  INFO 7436 --- [IT211-Project] [restartedMain] o.s.boot.tomcat.TomcatWebServer          : Tomcat initialized with port 8080 (http)
2026-06-12T09:01:40.523+07:00  INFO 7436 --- [IT211-Project] [restartedMain] o.apache.catalina.core.StandardService   : Starting service [Tomcat]
2026-06-12T09:01:40.524+07:00  INFO 7436 --- [IT211-Project] [restartedMain] o.apache.catalina.core.StandardEngine    : Starting Servlet engine: [Apache Tomcat/11.0.21]
2026-06-12T09:01:40.650+07:00  INFO 7436 --- [IT211-Project] [restartedMain] b.w.c.s.WebApplicationContextInitializer : Root WebApplicationContext: initialization completed in 3982 ms
2026-06-12T09:01:41.036+07:00  INFO 7436 --- [IT211-Project] [restartedMain] org.hibernate.orm.jpa                    : HHH008540: Processing PersistenceUnitInfo [name: default]
2026-06-12T09:01:41.211+07:00  INFO 7436 --- [IT211-Project] [restartedMain] org.hibernate.orm.core                   : HHH000001: Hibernate ORM core version 7.2.12.Final
2026-06-12T09:01:42.286+07:00  INFO 7436 --- [IT211-Project] [restartedMain] o.s.o.j.p.SpringPersistenceUnitInfo      : No LoadTimeWeaver setup: ignoring JPA class transformer
2026-06-12T09:01:42.379+07:00  INFO 7436 --- [IT211-Project] [restartedMain] com.zaxxer.hikari.HikariDataSource       : HikariPool-1 - Starting...
2026-06-12T09:01:43.065+07:00  INFO 7436 --- [IT211-Project] [restartedMain] com.zaxxer.hikari.pool.HikariPool        : HikariPool-1 - Added connection com.mysql.cj.jdbc.ConnectionImpl@3806fdc6
2026-06-12T09:01:43.068+07:00  INFO 7436 --- [IT211-Project] [restartedMain] com.zaxxer.hikari.HikariDataSource       : HikariPool-1 - Start completed.
2026-06-12T09:01:43.254+07:00  INFO 7436 --- [IT211-Project] [restartedMain] org.hibernate.orm.connections.pooling    : HHH10001005: Database info:
	Database JDBC URL [jdbc:mysql://localhost:3306/it211_project?createDatabaseIfNotExist=true]
	Database driver: MySQL Connector/J
	Database dialect: MySQLDialect
	Database version: 8.0.44
	Default catalog/schema: it211_project/undefined
	Autocommit mode: undefined/unknown
	Isolation level: REPEATABLE_READ [default REPEATABLE_READ]
	JDBC fetch size: none
	Pool: DataSourceConnectionProvider
	Minimum pool size: undefined/unknown
	Maximum pool size: undefined/unknown
2026-06-12T09:01:45.749+07:00  INFO 7436 --- [IT211-Project] [restartedMain] org.hibernate.orm.core                   : HHH000489: No JTA platform available (set 'hibernate.transaction.jta.platform' to enable JTA platform integration)
2026-06-12T09:01:45.950+07:00  INFO 7436 --- [IT211-Project] [restartedMain] j.LocalContainerEntityManagerFactoryBean : Initialized JPA EntityManagerFactory for persistence unit 'default'
2026-06-12T09:01:46.246+07:00  INFO 7436 --- [IT211-Project] [restartedMain] o.s.d.j.r.query.QueryEnhancerFactories   : Hibernate is in classpath; If applicable, HQL parser will be used.
2026-06-12T09:01:49.137+07:00  INFO 7436 --- [IT211-Project] [restartedMain] eAuthenticationProviderManagerConfigurer : Global AuthenticationManager configured with AuthenticationProvider bean with name authenticationProvider
2026-06-12T09:01:49.138+07:00  WARN 7436 --- [IT211-Project] [restartedMain] r$InitializeUserDetailsManagerConfigurer : Global AuthenticationManager configured with an AuthenticationProvider bean. UserDetailsService beans will not be used by Spring Security for automatically configuring username/password login. Consider removing the AuthenticationProvider bean. Alternatively, consider using the UserDetailsService in a manually instantiated DaoAuthenticationProvider. If the current configuration is intentional, to turn off this warning, increase the logging level of 'org.springframework.security.config.annotation.authentication.configuration.InitializeUserDetailsBeanManagerConfigurer' to ERROR
2026-06-12T09:01:49.573+07:00  WARN 7436 --- [IT211-Project] [restartedMain] JpaBaseConfiguration$JpaWebConfiguration : spring.jpa.open-in-view is enabled by default. Therefore, database queries may be performed during view rendering. Explicitly configure spring.jpa.open-in-view to disable this warning
2026-06-12T09:01:51.469+07:00  INFO 7436 --- [IT211-Project] [restartedMain] o.s.boot.tomcat.TomcatWebServer          : Tomcat started on port 8080 (http) with context path '/'
2026-06-12T09:01:51.482+07:00  INFO 7436 --- [IT211-Project] [restartedMain] c.r.i.It211ProjectApplication            : Started It211ProjectApplication in 15.803 seconds (process running for 17.587)
2026-06-12T09:02:09.384+07:00  INFO 7436 --- [IT211-Project] [http-nio-8080-exec-1] o.a.c.c.C.[Tomcat].[localhost].[/]       : Initializing Spring DispatcherServlet 'dispatcherServlet'
2026-06-12T09:02:09.384+07:00  INFO 7436 --- [IT211-Project] [http-nio-8080-exec-1] o.s.web.servlet.DispatcherServlet        : Initializing Servlet 'dispatcherServlet'
2026-06-12T09:02:09.386+07:00  INFO 7436 --- [IT211-Project] [http-nio-8080-exec-1] o.s.web.servlet.DispatcherServlet        : Completed initialization in 1 ms
2026-06-12T09:02:10.250+07:00  INFO 7436 --- [IT211-Project] [http-nio-8080-exec-1] c.re.it211project.aspect.LoggingAspect   : Phương thức AuthServiceImpl.register(..) được thực thi trong 258 ms
2026-06-12T09:02:48.948+07:00  INFO 7436 --- [IT211-Project] [http-nio-8080-exec-3] c.re.it211project.aspect.LoggingAspect   : Phương thức RefreshTokenServiceImpl.createRefreshToken(..) được thực thi trong 26 ms
2026-06-12T09:02:48.951+07:00  INFO 7436 --- [IT211-Project] [http-nio-8080-exec-3] c.re.it211project.aspect.LoggingAspect   : Phương thức AuthServiceImpl.login(..) được thực thi trong 546 ms
2026-06-12T09:02:59.786+07:00  INFO 7436 --- [IT211-Project] [SpringApplicationShutdownHook] o.s.boot.tomcat.GracefulShutdown         : Commencing graceful shutdown. Waiting for active requests to complete
2026-06-12T09:02:59.998+07:00  INFO 7436 --- [IT211-Project] [tomcat-shutdown] o.s.boot.tomcat.GracefulShutdown         : Graceful shutdown complete
2026-06-12T09:03:00.055+07:00  INFO 7436 --- [IT211-Project] [SpringApplicationShutdownHook] j.LocalContainerEntityManagerFactoryBean : Closing JPA EntityManagerFactory for persistence unit 'default'
2026-06-12T09:03:00.065+07:00  INFO 7436 --- [IT211-Project] [SpringApplicationShutdownHook] com.zaxxer.hikari.HikariDataSource       : HikariPool-1 - Shutdown initiated...
2026-06-12T09:03:00.088+07:00  INFO 7436 --- [IT211-Project] [SpringApplicationShutdownHook] com.zaxxer.hikari.HikariDataSource       : HikariPool-1 - Shutdown completed.
